d:\桌面\pco\integratedbak\x64\debug\oct-system.pch
d:\桌面\pco\integratedbak\x64\debug\vc140.pdb
d:\桌面\pco\integratedbak\x64\debug\vc140.idb
d:\桌面\pco\integratedbak\x64\debug\stdafx.obj
d:\桌面\pco\integratedbak\x64\debug\childview.obj
d:\桌面\pco\integratedbak\x64\debug\dasdlg.obj
d:\桌面\pco\integratedbak\x64\debug\datacheck.obj
d:\桌面\pco\integratedbak\x64\debug\frameobserver.obj
d:\桌面\pco\integratedbak\x64\debug\gifencoder.obj
d:\桌面\pco\integratedbak\x64\debug\integratedbak.obj
d:\桌面\pco\integratedbak\x64\debug\mainfrm.obj
d:\桌面\pco\integratedbak\x64\debug\multidlg.obj
d:\桌面\pco\integratedbak\x64\debug\myalgorithm.obj
d:\桌面\pco\integratedbak\x64\debug\mymatrix.obj
d:\桌面\pco\integratedbak\x64\debug\ribbonbar.obj
d:\桌面\pco\integratedbak\x64\debug\samplingparam.obj
d:\桌面\pco\integratedbak\x64\debug\samplingprog.obj
d:\桌面\pco\integratedbak\x64\debug\showdlg.obj
d:\桌面\pco\integratedbak\x64\debug\singledlg.obj
d:\桌面\pco\integratedbak\x64\debug\splashwnd.obj
d:\桌面\pco\integratedbak\x64\debug\threads.obj
d:\桌面\pco\integratedbak\x64\debug\tipsdlg.obj
d:\桌面\pco\integratedbak\x64\debug\vimba.obj
d:\桌面\pco\integratedbak\x64\debug\winappex_ol.obj
d:\桌面\pco\integratedbak\x64\debug\camera.obj
d:\桌面\pco\x64\debug\oct-system.ilk
d:\桌面\pco\x64\debug\oct-system.exe
d:\桌面\pco\x64\debug\oct-system.pdb
d:\桌面\pco\integratedbak\x64\debug\integratedbak.res
d:\桌面\pco\integratedbak\x64\debug\oct-system.tlog\cl.command.1.tlog
d:\桌面\pco\integratedbak\x64\debug\oct-system.tlog\cl.read.1.tlog
d:\桌面\pco\integratedbak\x64\debug\oct-system.tlog\cl.write.1.tlog
d:\桌面\pco\integratedbak\x64\debug\oct-system.tlog\link.command.1.tlog
d:\桌面\pco\integratedbak\x64\debug\oct-system.tlog\link.read.1.tlog
d:\桌面\pco\integratedbak\x64\debug\oct-system.tlog\link.write.1.tlog
d:\桌面\pco\integratedbak\x64\debug\oct-system.tlog\rc.command.1.tlog
d:\桌面\pco\integratedbak\x64\debug\oct-system.tlog\rc.read.1.tlog
d:\桌面\pco\integratedbak\x64\debug\oct-system.tlog\rc.write.1.tlog
