e:\xcl\挑战杯\pc-oct\integratedbak\x64\release\integratedbak.pch
e:\xcl\挑战杯\pc-oct\integratedbak\x64\release\vc140.pdb
e:\xcl\挑战杯\pc-oct\integratedbak\x64\release\stdafx.obj
e:\xcl\挑战杯\pc-oct\integratedbak\x64\release\tipsdlg.obj
e:\xcl\挑战杯\pc-oct\integratedbak\x64\release\threads.obj
e:\xcl\挑战杯\pc-oct\integratedbak\x64\release\splashwnd.obj
e:\xcl\挑战杯\pc-oct\integratedbak\x64\release\singledlg.obj
e:\xcl\挑战杯\pc-oct\integratedbak\x64\release\showdlg.obj
e:\xcl\挑战杯\pc-oct\integratedbak\x64\release\samplingprog.obj
e:\xcl\挑战杯\pc-oct\integratedbak\x64\release\samplingparam.obj
e:\xcl\挑战杯\pc-oct\integratedbak\x64\release\ribbonbar.obj
e:\xcl\挑战杯\pc-oct\integratedbak\x64\release\mymatrix.obj
e:\xcl\挑战杯\pc-oct\integratedbak\x64\release\myalgorithm.obj
e:\xcl\挑战杯\pc-oct\integratedbak\x64\release\multidlg.obj
e:\xcl\挑战杯\pc-oct\integratedbak\x64\release\mainfrm.obj
e:\xcl\挑战杯\pc-oct\integratedbak\x64\release\integratedbak.obj
e:\xcl\挑战杯\pc-oct\integratedbak\x64\release\gifencoder.obj
e:\xcl\挑战杯\pc-oct\integratedbak\x64\release\frameobserver.obj
e:\xcl\挑战杯\pc-oct\integratedbak\x64\release\datacheck.obj
e:\xcl\挑战杯\pc-oct\integratedbak\x64\release\dasdlg.obj
e:\xcl\挑战杯\pc-oct\integratedbak\x64\release\childview.obj
e:\xcl\挑战杯\pc-oct\integratedbak\x64\release\camera.obj
e:\xcl\挑战杯\pc-oct\integratedbak\x64\release\winappex_ol.obj
e:\xcl\挑战杯\pc-oct\integratedbak\x64\release\vimba.obj
e:\xcl\挑战杯\pc-oct\x64\release\integratedbak.exe
e:\xcl\挑战杯\pc-oct\x64\release\integratedbak.ipdb
e:\xcl\挑战杯\pc-oct\x64\release\integratedbak.iobj
e:\xcl\挑战杯\pc-oct\x64\release\integratedbak.pdb
e:\xcl\挑战杯\pc-oct\integratedbak\x64\release\integratedbak.res
e:\xcl\挑战杯\pc-oct\integratedbak\x64\release\integratedbak.tlog\cl.command.1.tlog
e:\xcl\挑战杯\pc-oct\integratedbak\x64\release\integratedbak.tlog\cl.read.1.tlog
e:\xcl\挑战杯\pc-oct\integratedbak\x64\release\integratedbak.tlog\cl.write.1.tlog
e:\xcl\挑战杯\pc-oct\integratedbak\x64\release\integratedbak.tlog\link.command.1.tlog
e:\xcl\挑战杯\pc-oct\integratedbak\x64\release\integratedbak.tlog\link.read.1.tlog
e:\xcl\挑战杯\pc-oct\integratedbak\x64\release\integratedbak.tlog\link.write.1.tlog
e:\xcl\挑战杯\pc-oct\integratedbak\x64\release\integratedbak.tlog\rc.command.1.tlog
e:\xcl\挑战杯\pc-oct\integratedbak\x64\release\integratedbak.tlog\rc.read.1.tlog
e:\xcl\挑战杯\pc-oct\integratedbak\x64\release\integratedbak.tlog\rc.write.1.tlog
