d:\桌面\pco\integratedbak\x64\release\oct-system.pch
d:\桌面\pco\integratedbak\x64\release\vc140.pdb
d:\桌面\pco\integratedbak\x64\release\stdafx.obj
d:\桌面\pco\integratedbak\x64\release\vimba.obj
d:\桌面\pco\integratedbak\x64\release\tipsdlg.obj
d:\桌面\pco\integratedbak\x64\release\threads.obj
d:\桌面\pco\integratedbak\x64\release\splashwnd.obj
d:\桌面\pco\integratedbak\x64\release\singledlg.obj
d:\桌面\pco\integratedbak\x64\release\showdlg.obj
d:\桌面\pco\integratedbak\x64\release\samplingprog.obj
d:\桌面\pco\integratedbak\x64\release\samplingparam.obj
d:\桌面\pco\integratedbak\x64\release\ribbonbar.obj
d:\桌面\pco\integratedbak\x64\release\mymatrix.obj
d:\桌面\pco\integratedbak\x64\release\myalgorithm.obj
d:\桌面\pco\integratedbak\x64\release\multidlg.obj
d:\桌面\pco\integratedbak\x64\release\mainfrm.obj
d:\桌面\pco\integratedbak\x64\release\integratedbak.obj
d:\桌面\pco\integratedbak\x64\release\gifencoder.obj
d:\桌面\pco\integratedbak\x64\release\frameobserver.obj
d:\桌面\pco\integratedbak\x64\release\datacheck.obj
d:\桌面\pco\integratedbak\x64\release\dasdlg.obj
d:\桌面\pco\integratedbak\x64\release\childview.obj
d:\桌面\pco\integratedbak\x64\release\camera.obj
d:\桌面\pco\integratedbak\x64\release\winappex_ol.obj
d:\桌面\pco\x64\release\oct-system.exe
d:\桌面\pco\x64\release\oct-system.ipdb
d:\桌面\pco\x64\release\oct-system.iobj
d:\桌面\pco\x64\release\oct-system.pdb
d:\桌面\pco\integratedbak\x64\release\integratedbak.res
d:\桌面\pco\integratedbak\x64\release\oct-system.tlog\cl.command.1.tlog
d:\桌面\pco\integratedbak\x64\release\oct-system.tlog\cl.read.1.tlog
d:\桌面\pco\integratedbak\x64\release\oct-system.tlog\cl.write.1.tlog
d:\桌面\pco\integratedbak\x64\release\oct-system.tlog\link.command.1.tlog
d:\桌面\pco\integratedbak\x64\release\oct-system.tlog\link.read.1.tlog
d:\桌面\pco\integratedbak\x64\release\oct-system.tlog\link.write.1.tlog
d:\桌面\pco\integratedbak\x64\release\oct-system.tlog\rc.command.1.tlog
d:\桌面\pco\integratedbak\x64\release\oct-system.tlog\rc.read.1.tlog
d:\桌面\pco\integratedbak\x64\release\oct-system.tlog\rc.write.1.tlog
